SF:lib/models/entities/task.dart
DA:12,2
DA:13,4
DA:14,4
DA:17,0
DA:19,2
DA:20,8
DA:21,2
DA:22,2
DA:24,2
DA:30,5
DA:32,1
DA:33,6
DA:36,2
DA:37,2
DA:38,2
DA:39,2
DA:41,4
DA:42,1
DA:44,6
DA:47,1
DA:48,1
DA:49,1
DA:50,2
DA:51,2
DA:52,2
DA:56,2
DA:57,2
DA:58,10
LF:28
LH:27
end_of_record
SF:lib/models/values/task_weight.dart
DA:5,2
LF:1
LH:1
end_of_record
SF:lib/util/datetime_helper.dart
DA:3,2
DA:4,2
DA:5,8
DA:8,1
DA:9,1
DA:10,4
DA:13,1
DA:14,3
DA:15,4
DA:18,2
DA:19,6
DA:22,1
DA:23,3
LF:13
LH:13
end_of_record
SF:lib/blocs/task_bloc.dart
DA:15,1
DA:16,2
DA:17,3
DA:19,3
DA:20,3
DA:23,1
DA:24,2
DA:27,1
DA:28,1
DA:29,2
DA:30,1
DA:35,1
DA:36,1
DA:37,2
DA:38,2
DA:39,7
DA:41,4
DA:46,0
DA:47,0
DA:50,0
DA:51,0
LF:21
LH:17
end_of_record
SF:lib/repositories/task_repository.dart
DA:6,1
DA:7,5
DA:10,1
DA:11,3
DA:14,1
DA:15,3
DA:18,1
DA:19,1
LF:8
LH:8
end_of_record
